<?xml version="1.0" encoding="UTF-8"?>
<testng-results skipped="0" failed="0" ignored="0" total="1" passed="1">
  <reporter-output>
  </reporter-output>
  <suite name="Default suite" duration-ms="55222" started-at="2018-06-25T20:23:50Z" finished-at="2018-06-25T20:24:45Z">
    <groups>
    </groups>
    <test name="Default test" duration-ms="55222" started-at="2018-06-25T20:23:50Z" finished-at="2018-06-25T20:24:45Z">
      <class name="tutorial.selenium.WaitTest">
        <test-method status="PASS" signature="setUpDriver()[pri:0, instance:tutorial.selenium.WaitTest@5e3a8624]" name="setUpDriver" is-config="true" duration-ms="7366" started-at="2018-06-26T01:53:50Z" finished-at="2018-06-26T01:53:57Z">
          <reporter-output>
          </reporter-output>
        </test-method> <!-- setUpDriver -->
        <test-method status="PASS" signature="test()[pri:0, instance:tutorial.selenium.WaitTest@5e3a8624]" name="test" duration-ms="47827" started-at="2018-06-26T01:53:57Z" finished-at="2018-06-26T01:54:45Z">
          <reporter-output>
          </reporter-output>
        </test-method> <!-- test -->
      </class> <!-- tutorial.selenium.WaitTest -->
    </test> <!-- Default test -->
  </suite> <!-- Default suite -->
</testng-results>
